Vercel CLI 49.1.0
Retrieving project…
Deploying ryoyawakabayashis-projects/line-bot-next
Uploading [--------------------] (0.0B/91B)
Uploading [====================] (91.0B/91B)
Inspect: https://vercel.com/ryoyawakabayashis-projects/line-bot-next/B5dBtCdkrQZ8e7b8AxWee5GJiwBS [2s]
Production: https://line-bot-next-4z36ulodr-ryoyawakabayashis-projects.vercel.app [2s]
https://line-bot-next-4z36ulodr-ryoyawakabayashis-projects.vercel.appQueued...
Queued...
Building: Running build in Washington, D.C., USA (East) – iad1
Building: Build machine configuration: 2 cores, 8 GB
Building: Retrieving list of deployment files...
Building: Downloading 130 deployment files...
Building: Restored build cache from previous deployment (DajCnK6znrH6yeg8MLAHEuUMozHh)
Building: Running "vercel build"
Building: Vercel CLI 49.1.2
Building: Installing dependencies...
Building: yarn install v1.22.19
Building: warning package-lock.json found. Your project contains lock files generated by tools other than Yarn. It is advised not to mix package managers in order to avoid resolution inconsistencies caused by unsynchronized lock files. To clear this warning, remove package-lock.json.
Building: [1/4] Resolving packages...
Building: success Already up-to-date.
Building: Done in 0.33s.
Building: Detected Next.js version: 16.0.6
Building: Running "yarn run build"
Building: yarn run v1.22.19
Building: $ next build
Building: ▲ Next.js 16.0.6 (Turbopack)
Building: Creating an optimized production build ...
Building: ✓ Compiled successfully in 6.7s
Building: Running TypeScript ...
Building: Collecting page data using 1 worker ...
Building: Generating static pages using 1 worker (0/4) ...
Building: Generating static pages using 1 worker (1/4)
Building: Generating static pages using 1 worker (2/4)
Building: Generating static pages using 1 worker (3/4)
Building: ✓ Generating static pages using 1 worker (4/4) in 413.0ms
Building: Finalizing page optimization ...
Building: Route (app)
Building: ┌ ○ /
Building: ├ ○ /_not-found
Building: └ ƒ /api/webhook
Building: ○  (Static)   prerendered as static content
Building: ƒ  (Dynamic)  server-rendered on demand
Building: Done in 13.64s.
Building: Traced Next.js server files in: 37.837ms
Building: Created all serverless functions in: 185.015ms
Building: Collected static files (public/, static/, .next/static): 3.761ms
Building: Build Completed in /vercel/output [15s]
Building: Error: Vulnerable version of Next.js detected, please update immediately. Learn More: https://vercel.link/CVE-2025-66478
Error: Vulnerable version of Next.js detected, please update immediately.
